# JRE version: OpenJDK Runtime Environment Temurin-21.0.12.1+1 (21.0.12.1+1) (build 21.0.12.1+1-LTS)
# Java VM: OpenJDK 64-Bit Server VM Temurin-21.0.12.1+1 (21.0.12.1+1-LTS, mixed mode, sharing, tiered, compressed oops, compressed class ptrs, parallel gc, windows-amd64)
GC Precious Log:
 CardTable entry size: 512
 CPUs: 8 total, 8 available
 Memory: 8059M
 Large Page Support: Disabled
 NUMA Support: Disabled
 Compressed Oops: Enabled (32-bit)
 Alignments: Space 512K, Generation 512K, Heap 2M
 Heap Min Capacity: 100M
 Heap Initial Capacity: 100M
 Heap Max Capacity: 2G
 Pre-touch: Disabled
 Parallel Workers: 8
Heap:
 PSYoungGen      total 22016K, used 6266K [0x00000000d5580000, 0x00000000d6f00000, 0x0000000100000000)
  eden space 19456K, 20% used [0x00000000d5580000,0x00000000d594f290,0x00000000d6880000)
  from space 2560K, 92% used [0x00000000d6a00000,0x00000000d6c4f790,0x00000000d6c80000)
  to   space 2560K, 0% used [0x00000000d6c80000,0x00000000d6c80000,0x00000000d6f00000)
 ParOldGen       total 111104K, used 110854K [0x0000000080000000, 0x0000000086c80000, 0x00000000d5580000)
  object space 111104K, 99% used [0x0000000080000000,0x0000000086c41b08,0x0000000086c80000)
 Metaspace       used 74384K, committed 75904K, reserved 1179648K
  class space    used 8271K, committed 8960K, reserved 1048576K
GC Heap History (20 events):
Event: 82.718 GC heap before
{Heap before GC invocations=133 (full 3):
 PSYoungGen      total 22016K, used 22007K [0x00000000d5580000, 0x00000000d7280000, 0x0000000100000000)
  eden space 19456K, 100% used [0x00000000d5580000,0x00000000d6880000,0x00000000d6880000)
  from space 2560K, 99% used [0x00000000d6880000,0x00000000d6afde40,0x00000000d6b00000)
  to   space 5120K, 0% used [0x00000000d6d80000,0x00000000d6d80000,0x00000000d7280000)
 ParOldGen       total 93184K, used 92975K [0x0000000080000000, 0x0000000085b00000, 0x00000000d5580000)
  object space 93184K, 99% used [0x0000000080000000,0x0000000085acbcb0,0x0000000085b00000)
 Metaspace       used 67624K, committed 69056K, reserved 1114112K
  class space    used 7715K, committed 8320K, reserved 1048576K
}
Event: 82.730 GC heap after
{Heap after GC invocations=133 (full 3):
 PSYoungGen      total 22528K, used 2980K [0x00000000d5580000, 0x00000000d7080000, 0x0000000100000000)
  eden space 19456K, 0% used [0x00000000d5580000,0x00000000d5580000,0x00000000d6880000)
  from space 3072K, 97% used [0x00000000d6d80000,0x00000000d7069098,0x00000000d7080000)
  to   space 3584K, 0% used [0x00000000d6980000,0x00000000d6980000,0x00000000d6d00000)
 ParOldGen       total 95744K, used 95505K [0x0000000080000000, 0x0000000085d80000, 0x00000000d5580000)
  object space 95744K, 99% used [0x0000000080000000,0x0000000085d44758,0x0000000085d80000)
 Metaspace       used 67624K, committed 69056K, reserved 1114112K
  class space    used 7715K, committed 8320K, reserved 1048576K
}
Event: 82.885 GC heap before
{Heap before GC invocations=134 (full 3):
 PSYoungGen      total 22528K, used 22436K [0x00000000d5580000, 0x00000000d7080000, 0x0000000100000000)
  eden space 19456K, 100% used [0x00000000d5580000,0x00000000d6880000,0x00000000d6880000)
  from space 3072K, 97% used [0x00000000d6d80000,0x00000000d7069098,0x00000000d7080000)
  to   space 3584K, 0% used [0x00000000d6980000,0x00000000d6980000,0x00000000d6d00000)
 ParOldGen       total 95744K, used 95505K [0x0000000080000000, 0x0000000085d80000, 0x00000000d5580000)
  object space 95744K, 99% used [0x0000000080000000,0x0000000085d44758,0x0000000085d80000)
 Metaspace       used 68050K, committed 69568K, reserved 1114112K
  class space    used 7748K, committed 8448K, reserved 1048576K
}
Event: 82.895 GC heap after
{Heap after GC invocations=134 (full 3):
 PSYoungGen      total 23040K, used 3336K [0x00000000d5580000, 0x00000000d6f80000, 0x0000000100000000)
  eden space 19456K, 0% used [0x00000000d5580000,0x00000000d5580000,0x00000000d6880000)
  from space 3584K, 93% used [0x00000000d6980000,0x00000000d6cc2180,0x00000000d6d00000)
  to   space 2560K, 0% used [0x00000000d6d00000,0x00000000d6d00000,0x00000000d6f80000)
 ParOldGen       total 97792K, used 97431K [0x0000000080000000, 0x0000000085f80000, 0x00000000d5580000)
  object space 97792K, 99% used [0x0000000080000000,0x0000000085f25ef8,0x0000000085f80000)
 Metaspace       used 68050K, committed 69568K, reserved 1114112K
  class space    used 7748K, committed 8448K, reserved 1048576K
}
Event: 83.050 GC heap before
{Heap before GC invocations=135 (full 3):
 PSYoungGen      total 23040K, used 22792K [0x00000000d5580000, 0x00000000d6f80000, 0x0000000100000000)
  eden space 19456K, 100% used [0x00000000d5580000,0x00000000d6880000,0x00000000d6880000)
  from space 3584K, 93% used [0x00000000d6980000,0x00000000d6cc2180,0x00000000d6d00000)
  to   space 2560K, 0% used [0x00000000d6d00000,0x00000000d6d00000,0x00000000d6f80000)
 ParOldGen       total 97792K, used 97431K [0x0000000080000000, 0x0000000085f80000, 0x00000000d5580000)
  object space 97792K, 99% used [0x0000000080000000,0x0000000085f25ef8,0x0000000085f80000)
 Metaspace       used 68198K, committed 69696K, reserved 1114112K
  class space    used 7758K, committed 8448K, reserved 1048576K
}
Event: 83.058 GC heap after
{Heap after GC invocations=135 (full 3):
 PSYoungGen      total 20992K, used 1371K [0x00000000d5580000, 0x00000000d6e80000, 0x0000000100000000)
  eden space 19456K, 0% used [0x00000000d5580000,0x00000000d5580000,0x00000000d6880000)
  from space 1536K, 89% used [0x00000000d6d00000,0x00000000d6e56e28,0x00000000d6e80000)
  to   space 2560K, 0% used [0x00000000d6980000,0x00000000d6980000,0x00000000d6c00000)
 ParOldGen       total 99840K, used 99458K [0x0000000080000000, 0x0000000086180000, 0x00000000d5580000)
  object space 99840K, 99% used [0x0000000080000000,0x0000000086120b58,0x0000000086180000)
 Metaspace       used 68198K, committed 69696K, reserved 1114112K
  class space    used 7758K, committed 8448K, reserved 1048576K
}
Event: 83.407 GC heap before
{Heap before GC invocations=136 (full 3):
 PSYoungGen      total 20992K, used 20827K [0x00000000d5580000, 0x00000000d6e80000, 0x0000000100000000)
  eden space 19456K, 100% used [0x00000000d5580000,0x00000000d6880000,0x00000000d6880000)
  from space 1536K, 89% used [0x00000000d6d00000,0x00000000d6e56e28,0x00000000d6e80000)
  to   space 2560K, 0% used [0x00000000d6980000,0x00000000d6980000,0x00000000d6c00000)
 ParOldGen       total 99840K, used 99458K [0x0000000080000000, 0x0000000086180000, 0x00000000d5580000)
  object space 99840K, 99% used [0x0000000080000000,0x0000000086120b58,0x0000000086180000)
 Metaspace       used 68813K, committed 70336K, reserved 1114112K
  class space    used 7791K, committed 8448K, reserved 1048576K
}
Event: 83.413 GC heap after
{Heap after GC invocations=136 (full 3):
 PSYoungGen      total 22016K, used 960K [0x00000000d5580000, 0x00000000d6d80000, 0x0000000100000000)
  eden space 19456K, 0% used [0x00000000d5580000,0x00000000d5580000,0x00000000d6880000)
  from space 2560K, 37% used [0x00000000d6980000,0x00000000d6a70020,0x00000000d6c00000)
  to   space 1536K, 0% used [0x00000000d6c00000,0x00000000d6c00000,0x00000000d6d80000)
 ParOldGen       total 100352K, used 100220K [0x0000000080000000, 0x0000000086200000, 0x00000000d5580000)
  object space 100352K, 99% used [0x0000000080000000,0x00000000861df290,0x0000000086200000)
 Metaspace       used 68813K, committed 70336K, reserved 1114112K
  class space    used 7791K, committed 8448K, reserved 1048576K
}
Event: 83.839 GC heap before
{Heap before GC invocations=137 (full 3):
 PSYoungGen      total 22016K, used 20407K [0x00000000d5580000, 0x00000000d6d80000, 0x0000000100000000)
  eden space 19456K, 99% used [0x00000000d5580000,0x00000000d687dcd0,0x00000000d6880000)
  from space 2560K, 37% used [0x00000000d6980000,0x00000000d6a70020,0x00000000d6c00000)
  to   space 1536K, 0% used [0x00000000d6c00000,0x00000000d6c00000,0x00000000d6d80000)
 ParOldGen       total 100352K, used 100220K [0x0000000080000000, 0x0000000086200000, 0x00000000d5580000)
  object space 100352K, 99% used [0x0000000080000000,0x00000000861df290,0x0000000086200000)
 Metaspace       used 69888K, committed 71424K, reserved 1114112K
  class space    used 7890K, committed 8576K, reserved 1048576K
}
Event: 83.847 GC heap after
{Heap after GC invocations=137 (full 3):
 PSYoungGen      total 20992K, used 1512K [0x00000000d5580000, 0x00000000d6e80000, 0x0000000100000000)
  eden space 19456K, 0% used [0x00000000d5580000,0x00000000d5580000,0x00000000d6880000)
  from space 1536K, 98% used [0x00000000d6c00000,0x00000000d6d7a088,0x00000000d6d80000)
  to   space 3072K, 0% used [0x00000000d6880000,0x00000000d6880000,0x00000000d6b80000)
 ParOldGen       total 101376K, used 101193K [0x0000000080000000, 0x0000000086300000, 0x00000000d5580000)
  object space 101376K, 99% used [0x0000000080000000,0x00000000862d2570,0x0000000086300000)
 Metaspace       used 69888K, committed 71424K, reserved 1114112K
  class space    used 7890K, committed 8576K, reserved 1048576K
}
Event: 84.405 GC heap before
{Heap before GC invocations=138 (full 3):
 PSYoungGen      total 20992K, used 20968K [0x00000000d5580000, 0x00000000d6e80000, 0x0000000100000000)
  eden space 19456K, 100% used [0x00000000d5580000,0x00000000d6880000,0x00000000d6880000)
  from space 1536K, 98% used [0x00000000d6c00000,0x00000000d6d7a088,0x00000000d6d80000)
  to   space 3072K, 0% used [0x00000000d6880000,0x00000000d6880000,0x00000000d6b80000)
 ParOldGen       total 101376K, used 101193K [0x0000000080000000, 0x0000000086300000, 0x00000000d5580000)
  object space 101376K, 99% used [0x0000000080000000,0x00000000862d2570,0x0000000086300000)
 Metaspace       used 70924K, committed 72448K, reserved 1114112K
  class space    used 7981K, committed 8704K, reserved 1048576K
}
Event: 84.414 GC heap after
{Heap after GC invocations=138 (full 3):
 PSYoungGen      total 22528K, used 2779K [0x00000000d5580000, 0x00000000d6e80000, 0x0000000100000000)
  eden space 19456K, 0% used [0x00000000d5580000,0x00000000d5580000,0x00000000d6880000)
  from space 3072K, 90% used [0x00000000d6880000,0x00000000d6b36c58,0x00000000d6b80000)
  to   space 3072K, 0% used [0x00000000d6b80000,0x00000000d6b80000,0x00000000d6e80000)
 ParOldGen       total 102912K, used 102554K [0x0000000080000000, 0x0000000086480000, 0x00000000d5580000)
  object space 102912K, 99% used [0x0000000080000000,0x0000000086426938,0x0000000086480000)
 Metaspace       used 70924K, committed 72448K, reserved 1114112K
  class space    used 7981K, committed 8704K, reserved 1048576K
}
Event: 85.265 GC heap before
{Heap before GC invocations=139 (full 3):
 PSYoungGen      total 22528K, used 22235K [0x00000000d5580000, 0x00000000d6e80000, 0x0000000100000000)
  eden space 19456K, 100% used [0x00000000d5580000,0x00000000d6880000,0x00000000d6880000)
  from space 3072K, 90% used [0x00000000d6880000,0x00000000d6b36c58,0x00000000d6b80000)
  to   space 3072K, 0% used [0x00000000d6b80000,0x00000000d6b80000,0x00000000d6e80000)
 ParOldGen       total 102912K, used 102554K [0x0000000080000000, 0x0000000086480000, 0x00000000d5580000)
  object space 102912K, 99% used [0x0000000080000000,0x0000000086426938,0x0000000086480000)
 Metaspace       used 71323K, committed 72832K, reserved 1114112K
  class space    used 8004K, committed 8704K, reserved 1048576K
}
Event: 85.273 GC heap after
{Heap after GC invocations=139 (full 3):
 PSYoungGen      total 22016K, used 2421K [0x00000000d5580000, 0x00000000d6e00000, 0x0000000100000000)
  eden space 19456K, 0% used [0x00000000d5580000,0x00000000d5580000,0x00000000d6880000)
  from space 2560K, 94% used [0x00000000d6b80000,0x00000000d6ddd438,0x00000000d6e00000)
  to   space 2560K, 0% used [0x00000000d6900000,0x00000000d6900000,0x00000000d6b80000)
 ParOldGen       total 105472K, used 105026K [0x0000000080000000, 0x0000000086700000, 0x00000000d5580000)
  object space 105472K, 99% used [0x0000000080000000,0x0000000086690a00,0x0000000086700000)
 Metaspace       used 71323K, committed 72832K, reserved 1114112K
  class space    used 8004K, committed 8704K, reserved 1048576K
}
Event: 96.274 GC heap before
{Heap before GC invocations=140 (full 3):
 PSYoungGen      total 22016K, used 21877K [0x00000000d5580000, 0x00000000d6e00000, 0x0000000100000000)
  eden space 19456K, 100% used [0x00000000d5580000,0x00000000d6880000,0x00000000d6880000)
  from space 2560K, 94% used [0x00000000d6b80000,0x00000000d6ddd438,0x00000000d6e00000)
  to   space 2560K, 0% used [0x00000000d6900000,0x00000000d6900000,0x00000000d6b80000)
 ParOldGen       total 105472K, used 105026K [0x0000000080000000, 0x0000000086700000, 0x00000000d5580000)
  object space 105472K, 99% used [0x0000000080000000,0x0000000086690a00,0x0000000086700000)
 Metaspace       used 72338K, committed 73792K, reserved 1114112K
  class space    used 8089K, committed 8768K, reserved 1048576K
}
Event: 96.286 GC heap after
{Heap after GC invocations=140 (full 3):
 PSYoungGen      total 22016K, used 2532K [0x00000000d5580000, 0x00000000d7480000, 0x0000000100000000)
  eden space 19456K, 0% used [0x00000000d5580000,0x00000000d5580000,0x00000000d6880000)
  from space 2560K, 98% used [0x00000000d6900000,0x00000000d6b79210,0x00000000d6b80000)
  to   space 6144K, 0% used [0x00000000d6e80000,0x00000000d6e80000,0x00000000d7480000)
 ParOldGen       total 108032K, used 107816K [0x0000000080000000, 0x0000000086980000, 0x00000000d5580000)
  object space 108032K, 99% used [0x0000000080000000,0x000000008694a178,0x0000000086980000)
 Metaspace       used 72338K, committed 73792K, reserved 1114112K
  class space    used 8089K, committed 8768K, reserved 1048576K
}
Event: 101.196 GC heap before
{Heap before GC invocations=141 (full 3):
 PSYoungGen      total 22016K, used 21988K [0x00000000d5580000, 0x00000000d7480000, 0x0000000100000000)
  eden space 19456K, 100% used [0x00000000d5580000,0x00000000d6880000,0x00000000d6880000)
  from space 2560K, 98% used [0x00000000d6900000,0x00000000d6b79210,0x00000000d6b80000)
  to   space 6144K, 0% used [0x00000000d6e80000,0x00000000d6e80000,0x00000000d7480000)
 ParOldGen       total 108032K, used 107816K [0x0000000080000000, 0x0000000086980000, 0x00000000d5580000)
  object space 108032K, 99% used [0x0000000080000000,0x000000008694a178,0x0000000086980000)
 Metaspace       used 73721K, committed 75328K, reserved 1179648K
  class space    used 8225K, committed 8960K, reserved 1048576K
}
Event: 101.203 GC heap after
{Heap after GC invocations=141 (full 3):
 PSYoungGen      total 20992K, used 1122K [0x00000000d5580000, 0x00000000d7000000, 0x0000000100000000)
  eden space 19456K, 0% used [0x00000000d5580000,0x00000000d5580000,0x00000000d6880000)
  from space 1536K, 73% used [0x00000000d6e80000,0x00000000d6f98838,0x00000000d7000000)
  to   space 3072K, 0% used [0x00000000d6a00000,0x00000000d6a00000,0x00000000d6d00000)
 ParOldGen       total 110592K, used 110374K [0x0000000080000000, 0x0000000086c00000, 0x00000000d5580000)
  object space 110592K, 99% used [0x0000000080000000,0x0000000086bc9ba0,0x0000000086c00000)
 Metaspace       used 73721K, committed 75328K, reserved 1179648K
  class space    used 8225K, committed 8960K, reserved 1048576K
}
Event: 124.360 GC heap before
{Heap before GC invocations=142 (full 3):
 PSYoungGen      total 20992K, used 20578K [0x00000000d5580000, 0x00000000d7000000, 0x0000000100000000)
  eden space 19456K, 100% used [0x00000000d5580000,0x00000000d6880000,0x00000000d6880000)
  from space 1536K, 73% used [0x00000000d6e80000,0x00000000d6f98838,0x00000000d7000000)
  to   space 3072K, 0% used [0x00000000d6a00000,0x00000000d6a00000,0x00000000d6d00000)
 ParOldGen       total 110592K, used 110374K [0x0000000080000000, 0x0000000086c00000, 0x00000000d5580000)
  object space 110592K, 99% used [0x0000000080000000,0x0000000086bc9ba0,0x0000000086c00000)
 Metaspace       used 74244K, committed 75776K, reserved 1179648K
  class space    used 8270K, committed 8960K, reserved 1048576K
}
Event: 124.535 GC heap after
{Heap after GC invocations=142 (full 3):
 PSYoungGen      total 22016K, used 2365K [0x00000000d5580000, 0x00000000d6f00000, 0x0000000100000000)
  eden space 19456K, 0% used [0x00000000d5580000,0x00000000d5580000,0x00000000d6880000)
  from space 2560K, 92% used [0x00000000d6a00000,0x00000000d6c4f790,0x00000000d6c80000)
  to   space 2560K, 0% used [0x00000000d6c80000,0x00000000d6c80000,0x00000000d6f00000)
 ParOldGen       total 111104K, used 110854K [0x0000000080000000, 0x0000000086c80000, 0x00000000d5580000)
  object space 111104K, 99% used [0x0000000080000000,0x0000000086c41b08,0x0000000086c80000)
 Metaspace       used 74244K, committed 75776K, reserved 1179648K
  class space    used 8270K, committed 8960K, reserved 1048576K
}

