# JRE version: OpenJDK Runtime Environment Temurin-21.0.12.1+1 (21.0.12.1+1) (build 21.0.12.1+1-LTS)
# Java VM: OpenJDK 64-Bit Server VM Temurin-21.0.12.1+1 (21.0.12.1+1-LTS, mixed mode, sharing, tiered, compressed oops, compressed class ptrs, g1 gc, windows-amd64)
GC Precious Log:
 CardTable entry size: 512
 Card Set container configuration: InlinePtr #cards 5 size 8 Array Of Cards #cards 12 size 40 Howl #buckets 4 coarsen threshold 1843 Howl Bitmap #cards 512 size 80 coarsen threshold 460 Card regions per heap region 1 cards per card region 2048
 CPUs: 8 total, 8 available
 Memory: 8059M
 Large Page Support: Disabled
 NUMA Support: Disabled
 Compressed Oops: Enabled (32-bit)
 Heap Region Size: 1M
 Heap Min Capacity: 256M
 Heap Initial Capacity: 256M
 Heap Max Capacity: 512M
 Pre-touch: Disabled
 Parallel Workers: 8
 Concurrent Workers: 2
 Concurrent Refinement Workers: 8
 Periodic GC: Disabled
Heap:
 garbage-first heap   total 262144K, used 134671K [0x00000000e0000000, 0x0000000100000000)
  region size 1024K, 110 young (112640K), 9 survivors (9216K)
 Metaspace       used 47221K, committed 49152K, reserved 393216K
  class space    used 7141K, committed 8064K, reserved 327680K
GC Heap History (10 events):
Event: 5.442 GC heap before
{Heap before GC invocations=0 (full 0):
 garbage-first heap   total 262144K, used 27648K [0x00000000e0000000, 0x0000000100000000)
  region size 1024K, 23 young (23552K), 0 survivors (0K)
 Metaspace       used 3024K, committed 3200K, reserved 393216K
  class space    used 367K, committed 448K, reserved 327680K
}
Event: 6.648 GC heap after
{Heap after GC invocations=1 (full 0):
 garbage-first heap   total 262144K, used 11119K [0x00000000e0000000, 0x0000000100000000)
  region size 1024K, 3 young (3072K), 3 survivors (3072K)
 Metaspace       used 3024K, committed 3200K, reserved 393216K
  class space    used 367K, committed 448K, reserved 327680K
}
Event: 7.739 GC heap before
{Heap before GC invocations=1 (full 0):
 garbage-first heap   total 262144K, used 39791K [0x00000000e0000000, 0x0000000100000000)
  region size 1024K, 30 young (30720K), 3 survivors (3072K)
 Metaspace       used 4629K, committed 4800K, reserved 393216K
  class space    used 597K, committed 704K, reserved 327680K
}
Event: 7.752 GC heap after
{Heap after GC invocations=2 (full 0):
 garbage-first heap   total 262144K, used 14688K [0x00000000e0000000, 0x0000000100000000)
  region size 1024K, 3 young (3072K), 3 survivors (3072K)
 Metaspace       used 4629K, committed 4800K, reserved 393216K
  class space    used 597K, committed 704K, reserved 327680K
}
Event: 28.417 GC heap before
{Heap before GC invocations=2 (full 0):
 garbage-first heap   total 262144K, used 125280K [0x00000000e0000000, 0x0000000100000000)
  region size 1024K, 112 young (114688K), 3 survivors (3072K)
 Metaspace       used 20873K, committed 21504K, reserved 393216K
  class space    used 3005K, committed 3328K, reserved 327680K
}
Event: 28.446 GC heap after
{Heap after GC invocations=3 (full 0):
 garbage-first heap   total 262144K, used 24698K [0x00000000e0000000, 0x0000000100000000)
  region size 1024K, 13 young (13312K), 13 survivors (13312K)
 Metaspace       used 20873K, committed 21504K, reserved 393216K
  class space    used 3005K, committed 3328K, reserved 327680K
}
Event: 41.259 GC heap before
{Heap before GC invocations=4 (full 0):
 garbage-first heap   total 262144K, used 141434K [0x00000000e0000000, 0x0000000100000000)
  region size 1024K, 128 young (131072K), 13 survivors (13312K)
 Metaspace       used 36935K, committed 38400K, reserved 393216K
  class space    used 5460K, committed 6144K, reserved 327680K
}
Event: 41.287 GC heap after
{Heap after GC invocations=5 (full 0):
 garbage-first heap   total 262144K, used 33319K [0x00000000e0000000, 0x0000000100000000)
  region size 1024K, 9 young (9216K), 9 survivors (9216K)
 Metaspace       used 36935K, committed 38400K, reserved 393216K
  class space    used 5460K, committed 6144K, reserved 327680K
}
Event: 41.436 GC heap before
{Heap before GC invocations=5 (full 0):
 garbage-first heap   total 262144K, used 35367K [0x00000000e0000000, 0x0000000100000000)
  region size 1024K, 12 young (12288K), 9 survivors (9216K)
 Metaspace       used 37243K, committed 38656K, reserved 393216K
  class space    used 5509K, committed 6208K, reserved 327680K
}
Event: 41.447 GC heap after
{Heap after GC invocations=6 (full 0):
 garbage-first heap   total 262144K, used 33295K [0x00000000e0000000, 0x0000000100000000)
  region size 1024K, 9 young (9216K), 9 survivors (9216K)
 Metaspace       used 37243K, committed 38656K, reserved 393216K
  class space    used 5509K, committed 6208K, reserved 327680K
}

