# JRE version: OpenJDK Runtime Environment Temurin-21.0.12.1+1 (21.0.12.1+1) (build 21.0.12.1+1-LTS)
# Java VM: OpenJDK 64-Bit Server VM Temurin-21.0.12.1+1 (21.0.12.1+1-LTS, mixed mode, sharing, tiered, compressed oops, compressed class ptrs, g1 gc, windows-amd64)
GC Precious Log:
 CardTable entry size: 512
 Card Set container configuration: InlinePtr #cards 5 size 8 Array Of Cards #cards 12 size 40 Howl #buckets 4 coarsen threshold 1843 Howl Bitmap #cards 512 size 80 coarsen threshold 460 Card regions per heap region 1 cards per card region 2048
 CPUs: 8 total, 8 available
 Memory: 8059M
 Large Page Support: Disabled
 NUMA Support: Disabled
 Compressed Oops: Enabled (32-bit)
 Heap Region Size: 1M
 Heap Min Capacity: 256M
 Heap Initial Capacity: 256M
 Heap Max Capacity: 512M
 Pre-touch: Disabled
 Parallel Workers: 8
 Concurrent Workers: 2
 Concurrent Refinement Workers: 8
 Periodic GC: Disabled
Heap:
 garbage-first heap   total 262144K, used 44432K [0x00000000e0000000, 0x0000000100000000)
  region size 1024K, 21 young (21504K), 15 survivors (15360K)
 Metaspace       used 51321K, committed 53376K, reserved 393216K
  class space    used 7659K, committed 8640K, reserved 327680K
GC Heap History (14 events):
Event: 2.849 GC heap before
{Heap before GC invocations=0 (full 0):
 garbage-first heap   total 262144K, used 27648K [0x00000000e0000000, 0x0000000100000000)
  region size 1024K, 23 young (23552K), 0 survivors (0K)
 Metaspace       used 3002K, committed 3200K, reserved 393216K
  class space    used 366K, committed 448K, reserved 327680K
}
Event: 5.228 GC heap after
{Heap after GC invocations=1 (full 0):
 garbage-first heap   total 262144K, used 11023K [0x00000000e0000000, 0x0000000100000000)
  region size 1024K, 3 young (3072K), 3 survivors (3072K)
 Metaspace       used 3002K, committed 3200K, reserved 393216K
  class space    used 366K, committed 448K, reserved 327680K
}
Event: 7.656 GC heap before
{Heap before GC invocations=1 (full 0):
 garbage-first heap   total 262144K, used 40719K [0x00000000e0000000, 0x0000000100000000)
  region size 1024K, 31 young (31744K), 3 survivors (3072K)
 Metaspace       used 4640K, committed 4864K, reserved 393216K
  class space    used 597K, committed 704K, reserved 327680K
}
Event: 7.673 GC heap after
{Heap after GC invocations=2 (full 0):
 garbage-first heap   total 262144K, used 15596K [0x00000000e0000000, 0x0000000100000000)
  region size 1024K, 3 young (3072K), 3 survivors (3072K)
 Metaspace       used 4640K, committed 4864K, reserved 393216K
  class space    used 597K, committed 704K, reserved 327680K
}
Event: 47.012 GC heap before
{Heap before GC invocations=2 (full 0):
 garbage-first heap   total 262144K, used 150764K [0x00000000e0000000, 0x0000000100000000)
  region size 1024K, 136 young (139264K), 3 survivors (3072K)
 Metaspace       used 20887K, committed 21504K, reserved 393216K
  class space    used 2927K, committed 3200K, reserved 327680K
}
Event: 47.056 GC heap after
{Heap after GC invocations=3 (full 0):
 garbage-first heap   total 262144K, used 24490K [0x00000000e0000000, 0x0000000100000000)
  region size 1024K, 12 young (12288K), 12 survivors (12288K)
 Metaspace       used 20887K, committed 21504K, reserved 393216K
  class space    used 2927K, committed 3200K, reserved 327680K
}
Event: 60.346 GC heap before
{Heap before GC invocations=4 (full 0):
 garbage-first heap   total 262144K, used 127914K [0x00000000e0000000, 0x0000000100000000)
  region size 1024K, 113 young (115712K), 12 survivors (12288K)
 Metaspace       used 35019K, committed 36288K, reserved 393216K
  class space    used 4985K, committed 5632K, reserved 327680K
}
Event: 60.374 GC heap after
{Heap after GC invocations=5 (full 0):
 garbage-first heap   total 262144K, used 29956K [0x00000000e0000000, 0x0000000100000000)
  region size 1024K, 15 young (15360K), 15 survivors (15360K)
 Metaspace       used 35019K, committed 36288K, reserved 393216K
  class space    used 4985K, committed 5632K, reserved 327680K
}
Event: 60.540 GC heap before
{Heap before GC invocations=5 (full 0):
 garbage-first heap   total 262144K, used 32004K [0x00000000e0000000, 0x0000000100000000)
  region size 1024K, 18 young (18432K), 15 survivors (15360K)
 Metaspace       used 35319K, committed 36608K, reserved 393216K
  class space    used 5030K, committed 5696K, reserved 327680K
}
Event: 60.561 GC heap after
{Heap after GC invocations=6 (full 0):
 garbage-first heap   total 262144K, used 31174K [0x00000000e0000000, 0x0000000100000000)
  region size 1024K, 7 young (7168K), 7 survivors (7168K)
 Metaspace       used 35319K, committed 36608K, reserved 393216K
  class space    used 5030K, committed 5696K, reserved 327680K
}
Event: 60.624 GC heap before
{Heap before GC invocations=6 (full 0):
 garbage-first heap   total 262144K, used 32198K [0x00000000e0000000, 0x0000000100000000)
  region size 1024K, 9 young (9216K), 7 survivors (7168K)
 Metaspace       used 35627K, committed 36928K, reserved 393216K
  class space    used 5047K, committed 5696K, reserved 327680K
}
Event: 60.636 GC heap after
{Heap after GC invocations=7 (full 0):
 garbage-first heap   total 262144K, used 31174K [0x00000000e0000000, 0x0000000100000000)
  region size 1024K, 7 young (7168K), 7 survivors (7168K)
 Metaspace       used 35627K, committed 36928K, reserved 393216K
  class space    used 5047K, committed 5696K, reserved 327680K
}
Event: 79.920 GC heap before
{Heap before GC invocations=8 (full 0):
 garbage-first heap   total 262144K, used 180678K [0x00000000e0000000, 0x0000000100000000)
  region size 1024K, 153 young (156672K), 7 survivors (7168K)
 Metaspace       used 50912K, committed 52928K, reserved 393216K
  class space    used 7582K, committed 8576K, reserved 327680K
}
Event: 80.129 GC heap after
{Heap after GC invocations=9 (full 0):
 garbage-first heap   total 262144K, used 39312K [0x00000000e0000000, 0x0000000100000000)
  region size 1024K, 15 young (15360K), 15 survivors (15360K)
 Metaspace       used 50912K, committed 52928K, reserved 393216K
  class space    used 7582K, committed 8576K, reserved 327680K
}

